{"lib\\hello.js":{"path":"lib\\hello.js","s":{"1":1,"2":1,"3":0,"4":0,"5":0,"6":0,"7":0,"8":0,"9":0,"10":0,"11":0,"12":0,"13":0},"b":{},"f":{"1":0,"2":0,"3":0,"4":0,"5":0},"fnMap":{"1":{"name":"Hello","line":3,"loc":{"start":{"line":3,"column":0},"end":{"line":3,"column":21}}},"2":{"name":"(anonymous_2)","line":12,"loc":{"start":{"line":12,"column":27},"end":{"line":12,"column":38}}},"3":{"name":"(anonymous_3)","line":16,"loc":{"start":{"line":16,"column":32},"end":{"line":16,"column":51}}},"4":{"name":"(anonymous_4)","line":19,"loc":{"start":{"line":19,"column":13},"end":{"line":19,"column":24}}},"5":{"name":"(anonymous_5)","line":24,"loc":{"start":{"line":24,"column":44},"end":{"line":24,"column":63}}}},"statementMap":{"1":{"start":{"line":1,"column":0},"end":{"line":1,"column":30}},"2":{"start":{"line":3,"column":0},"end":{"line":10,"column":1}},"3":{"start":{"line":7,"column":2},"end":{"line":9,"column":11}},"4":{"start":{"line":12,"column":0},"end":{"line":14,"column":2}},"5":{"start":{"line":13,"column":2},"end":{"line":13,"column":27}},"6":{"start":{"line":16,"column":0},"end":{"line":22,"column":2}},"7":{"start":{"line":17,"column":2},"end":{"line":17,"column":19}},"8":{"start":{"line":19,"column":2},"end":{"line":21,"column":10}},"9":{"start":{"line":20,"column":4},"end":{"line":20,"column":33}},"10":{"start":{"line":24,"column":0},"end":{"line":27,"column":2}},"11":{"start":{"line":25,"column":2},"end":{"line":25,"column":31}},"12":{"start":{"line":26,"column":2},"end":{"line":26,"column":25}},"13":{"start":{"line":32,"column":0},"end":{"line":32,"column":22}}},"branchMap":{}},"lib\\index.js":{"path":"lib\\index.js","s":{"1":1},"b":{},"f":{},"fnMap":{},"statementMap":{"1":{"start":{"line":9,"column":0},"end":{"line":9,"column":41}}},"branchMap":{}}}